<?xml version="1.0" encoding="UTF-8"?>
<!-- Generated by org.testng.reporters.JUnitReportReporter -->
<testsuite hostname="DESKTOP-T7PUVCL" failures="0" tests="2" name="day2.Differentpostrequest" time="3.540" errors="0" timestamp="13 Apr 2025 09:00:33 GMT" skipped="0">
  <testcase classname="day2.Differentpostrequest" name="testPostUsingHashMap" time="3.468"/>
  <testcase classname="day2.Differentpostrequest" name="testDelete" time="0.072"/>
</testsuite> <!-- day2.Differentpostrequest -->
