<?xml version="1.0" encoding="UTF-8"?>
<!-- Generated by org.testng.reporters.JUnitReportReporter -->
<testsuite hostname="DESKTOP-T7PUVCL" failures="0" tests="3" name="day1.Httprequest" time="5.367" errors="0" timestamp="13 Apr 2025 05:19:30 GMT" skipped="0">
  <testcase classname="day1.Httprequest" name="getUsers" time="3.702"/>
  <testcase classname="day1.Httprequest" name="createUser" time="1.114"/>
  <testcase classname="day1.Httprequest" name="updateUser" time="0.551"/>
</testsuite> <!-- day1.Httprequest -->
