<?xml version="1.0" encoding="UTF-8"?>
<!-- Generated by org.testng.reporters.JUnitReportReporter -->
<testsuite hostname="DESKTOP-T7PUVCL" failures="0" tests="1" name="demotestng.DemoTest" time="0.013" errors="0" timestamp="2024-01-30T19:15:45 IST" skipped="0">
  <testcase classname="demotestng.DemoTest" name="createCustomer" time="0.013"/>
  <system-out/>
</testsuite> <!-- demotestng.DemoTest -->
