<?xml version="1.0" encoding="UTF-8"?>
<!-- Generated by org.testng.reporters.JUnitReportReporter -->
<testsuite hostname="DESKTOP-T7PUVCL" failures="0" tests="3" name="selenium.Atmoso" time="17.206" errors="0" timestamp="2022-04-25T13:15:47 IST" skipped="0">
  <testcase classname="selenium.Atmoso" name="Navgte" time="5.266"/>
  <system-out/>
  <testcase classname="selenium.Atmoso" name="title" time="3.706"/>
  <system-out/>
  <testcase classname="selenium.Atmoso" name="purchaseproduct" time="8.234"/>
  <system-out/>
</testsuite> <!-- selenium.Atmoso -->
