<?xml version="1.0" encoding="UTF-8"?>
<!-- Generated by org.testng.reporters.JUnitReportReporter -->
<testsuite hostname="DESKTOP-T7PUVCL" failures="0" tests="1" name="demo_automation_testng.demo_assertion" time="8.272" errors="0" timestamp="2024-02-11T19:52:24 IST" skipped="0">
  <testcase classname="demo_automation_testng.demo_assertion" name="Testgoogle" time="8.272"/>
  <system-out/>
</testsuite> <!-- demo_automation_testng.demo_assertion -->
