<?xml version="1.0" encoding="UTF-8"?>
<!-- Generated by org.testng.reporters.JUnitReportReporter -->
<testsuite hostname="DESKTOP-T7PUVCL" failures="0" tests="3" name="testng.Customer_priority" time="0.026" errors="0" timestamp="2025-02-15T19:45:46 IST" skipped="0">
  <testcase classname="testng.Customer_priority" name="createcustomer" time="0.017"/>
  <system-out/>
  <testcase classname="testng.Customer_priority" name="deletecustomer" time="0.005"/>
  <system-out/>
  <testcase classname="testng.Customer_priority" name="editcustomer" time="0.004"/>
  <system-out/>
</testsuite> <!-- testng.Customer_priority -->
