<?xml version="1.0" encoding="UTF-8"?>
<!-- Generated by org.testng.reporters.JUnitReportReporter -->
<testsuite hostname="DESKTOP-T7PUVCL" failures="0" tests="3" name="testng.Customer" time="0.043" errors="0" timestamp="2025-02-15T19:22:56 IST" skipped="0">
  <testcase classname="testng.Customer" name="editCustomer" time="0.014"/>
  <system-out/>
  <testcase classname="testng.Customer" name="deleteCustomer" time="0.008"/>
  <system-out/>
  <testcase classname="testng.Customer" name="createCustomer" time="0.021"/>
  <system-out/>
</testsuite> <!-- testng.Customer -->
