<?xml version="1.0" encoding="UTF-8"?>
<!-- Generated by org.testng.reporters.JUnitReportReporter -->
<testsuite hostname="DESKTOP-T7PUVCL" failures="0" tests="3" name="testng.Customer1" time="0.028" errors="0" timestamp="2025-02-15T19:35:30 IST" skipped="0">
  <testcase classname="testng.Customer1" name="createcustomer" time="0.013"/>
  <system-out/>
  <testcase classname="testng.Customer1" name="deletecustomer" time="0.008"/>
  <system-out/>
  <testcase classname="testng.Customer1" name="editcustomer" time="0.007"/>
  <system-out/>
</testsuite> <!-- testng.Customer1 -->
