<?xml version="1.0" encoding="UTF-8"?>
<!-- Generated by org.testng.reporters.JUnitReportReporter -->
<testsuite hostname="DESKTOP-T7PUVCL" failures="0" tests="4" name="automation.Dataprv" time="0.015" errors="0" timestamp="2025-02-12T17:31:55 IST" skipped="0">
  <testcase classname="automation.Dataprv" name="testlogin" time="0.002"/>
  <system-out/>
  <testcase classname="automation.Dataprv" name="testlogin" time="0.009"/>
  <system-out/>
  <testcase classname="automation.Dataprv" name="testlogin" time="0.002"/>
  <system-out/>
  <testcase classname="automation.Dataprv" name="testlogin" time="0.002"/>
  <system-out/>
</testsuite> <!-- automation.Dataprv -->
