<?xml version="1.0" encoding="UTF-8"?>
<!-- Generated by org.testng.reporters.JUnitReportReporter -->
<testsuite hostname="DESKTOP-T7PUVCL" failures="0" tests="2" name="testng_demo.Demo_annotations" time="0.022" errors="0" timestamp="2025-04-10T13:34:45 IST" skipped="0">
  <testcase classname="testng_demo.Demo_annotations" name="updatestatus" time="0.017"/>
  <system-out/>
  <testcase classname="testng_demo.Demo_annotations" name="deletestatus" time="0.005"/>
  <system-out/>
</testsuite> <!-- testng_demo.Demo_annotations -->
