<?xml version="1.0" encoding="UTF-8"?>
<!-- Generated by org.testng.reporters.JUnitReportReporter -->
<testsuite hostname="DESKTOP-T7PUVCL" failures="0" tests="1" name="testng_demo.Scrnsht1" time="5.691" errors="0" timestamp="2025-04-22T17:44:13 IST" skipped="0">
  <testcase classname="testng_demo.Scrnsht1" name="open" time="5.691"/>
  <system-out/>
</testsuite> <!-- testng_demo.Scrnsht1 -->
