<?xml version="1.0" encoding="UTF-8"?>
<!-- Generated by org.testng.reporters.JUnitReportReporter -->
<testsuite hostname="DESKTOP-T7PUVCL" failures="0" tests="1" name="automation.Demo" time="24.523" errors="0" timestamp="2025-02-12T20:08:15 IST" skipped="0">
  <testcase classname="automation.Demo" name="testlogin" time="24.523"/>
  <system-out/>
</testsuite> <!-- automation.Demo -->
