<?xml version="1.0" encoding="UTF-8"?>
<!-- Generated by org.testng.reporters.JUnitReportReporter -->
<testsuite hostname="DESKTOP-T7PUVCL" failures="0" tests="4" name="testng_demo.OrangeHRM" time="8.915" errors="0" timestamp="2025-04-17T12:14:55 IST" skipped="0">
  <testcase classname="testng_demo.OrangeHRM" name="close" time="0.292"/>
  <system-out/>
  <testcase classname="testng_demo.OrangeHRM" name="openapp" time="6.225"/>
  <system-out/>
  <testcase classname="testng_demo.OrangeHRM" name="log0" time="2.121"/>
  <system-out/>
  <testcase classname="testng_demo.OrangeHRM" name="login" time="0.277"/>
  <system-out/>
</testsuite> <!-- testng_demo.OrangeHRM -->
