<?xml version="1.0" encoding="UTF-8"?>
<!-- Generated by org.testng.reporters.JUnitReportReporter -->
<testsuite hostname="DESKTOP-T7PUVCL" failures="0" tests="1" name="testng_demo.Scrnsht" time="5.269" errors="0" timestamp="2025-04-22T17:08:54 IST" skipped="0">
  <testcase classname="testng_demo.Scrnsht" name="capturescrnsht" time="5.269"/>
  <system-out/>
</testsuite> <!-- testng_demo.Scrnsht -->
