<?xml version="1.0" encoding="UTF-8"?>
<!-- Generated by org.testng.reporters.JUnitReportReporter -->
<testsuite hostname="DESKTOP-T7PUVCL" failures="0" tests="2" name="automation.dataprovider" time="0.011" errors="0" timestamp="2025-02-12T17:24:56 IST" skipped="0">
  <testcase classname="automation.dataprovider" name="testlogin" time="0.002"/>
  <system-out/>
  <testcase classname="automation.dataprovider" name="testlogin" time="0.009"/>
  <system-out/>
</testsuite> <!-- automation.dataprovider -->
