<?xml version="1.0" encoding="UTF-8"?>
<!-- Generated by org.testng.reporters.JUnitReportReporter -->
<testsuite hostname="DESKTOP-T7PUVCL" failures="0" tests="3" name="automation.Demo_datapro" time="15.947" errors="0" timestamp="2025-02-14T13:19:59 IST" skipped="0">
  <testcase classname="automation.Demo_datapro" name="testlogin" time="5.517"/>
  <system-out/>
  <testcase classname="automation.Demo_datapro" name="testlogin" time="6.016"/>
  <system-out/>
  <testcase classname="automation.Demo_datapro" name="testlogin" time="4.414"/>
  <system-out/>
</testsuite> <!-- automation.Demo_datapro -->
