<?xml version="1.0" encoding="UTF-8"?>
<!-- Generated by org.testng.reporters.JUnitReportReporter -->
<testsuite hostname="DESKTOP-T7PUVCL" failures="0" tests="1" name="testng_demo.Scrnsht2" time="1.642" errors="0" timestamp="2025-04-22T17:56:29 IST" skipped="0">
  <testcase classname="testng_demo.Scrnsht2" name="open" time="1.642"/>
  <system-out/>
</testsuite> <!-- testng_demo.Scrnsht2 -->
